<?xml version="1.0" encoding="UTF-8"?>
<testsuites tests="1" failures="1" disabled="0" errors="0" time="0" timestamp="2024-05-14T05:20:42.090" name="AllTests">
  <testsuite name="SortingTest" tests="1" failures="1" disabled="0" skipped="0" errors="0" time="0" timestamp="2024-05-14T05:20:42.090">
    <testcase name="BubbleSort" status="run" result="completed" time="0" timestamp="2024-05-14T05:20:42.090" classname="SortingTest">
      <failure message="/mnt/agent/work/1353a62248e06435/test/cpp_sorter_test.cpp:9&#x0A;Expected equality of these values:&#x0A;  arr[0]&#x0A;    Which is: 1&#x0A;  100" type=""><![CDATA[/mnt/agent/work/1353a62248e06435/test/cpp_sorter_test.cpp:9
Expected equality of these values:
  arr[0]
    Which is: 1
  100]]></failure>
    </testcase>
  </testsuite>
</testsuites>
